app/build/intermediates/manifest_merge_blame_file/debug/manifest-merger-blame-debug-report.txt
1<?xml version="1.0" encoding="utf-8"?>
2<manifest xmlns:android="http://schemas.android.com/apk/res/android"
3    package="com.example.p2p_messager_andriod"
4    android:versionCode="1"
5    android:versionName="1.0" >
6
7    <uses-sdk
8        android:minSdkVersion="15"
8-->src/main/AndroidManifest.xml
9        android:targetSdkVersion="29" />
9-->src/main/AndroidManifest.xml
10
11    <uses-permission
11-->src/main/AndroidManifest.xml:5:5-7:61
12        android:name="android.permission.ACCESS_FINE_LOCATION"
12-->src/main/AndroidManifest.xml:7:5-59
13        android:required="true" />
13-->src/main/AndroidManifest.xml:6:5-28
14    <uses-permission
14-->src/main/AndroidManifest.xml:8:5-10:58
15        android:name="android.permission.ACCESS_WIFI_STATE"
15-->src/main/AndroidManifest.xml:10:5-56
16        android:required="true" />
16-->src/main/AndroidManifest.xml:9:5-28
17    <uses-permission
17-->src/main/AndroidManifest.xml:11:5-13:58
18        android:name="android.permission.CHANGE_WIFI_STATE"
18-->src/main/AndroidManifest.xml:13:5-56
19        android:required="true" />
19-->src/main/AndroidManifest.xml:12:5-28
20    <uses-permission
20-->src/main/AndroidManifest.xml:14:5-16:49
21        android:name="android.permission.INTERNET"
21-->src/main/AndroidManifest.xml:16:5-47
22        android:required="true" />
22-->src/main/AndroidManifest.xml:15:5-28
23
24    <application
24-->src/main/AndroidManifest.xml:18:5-24:56
25        android:allowBackup="true"
25-->src/main/AndroidManifest.xml:19:9-35
26        android:appComponentFactory="androidx.core.app.CoreComponentFactory"
26-->[androidx.core:core:1.0.1] AndroidManifest.xml:22:18-86
27        android:debuggable="true"
28        android:icon="@mipmap/ic_launcher"
28-->src/main/AndroidManifest.xml:20:9-43
29        android:label="@string/app_name"
29-->src/main/AndroidManifest.xml:21:9-41
30        android:roundIcon="@mipmap/ic_launcher_round"
30-->src/main/AndroidManifest.xml:22:9-54
31        android:supportsRtl="true"
31-->src/main/AndroidManifest.xml:23:9-35
32        android:theme="@style/AppTheme" />
32-->src/main/AndroidManifest.xml:24:9-40
33
34</manifest>